  Main.cpp
c:\users\hazem\source\ds_ps\ds\matrix\matrix\src\matrix.h(116): error C2975: 'rows': invalid template argument for 'Matrix', expected compile-time constant expression
  c:\users\hazem\source\ds_ps\ds\matrix\matrix\src\matrix.h(4): note: see declaration of 'rows'
  c:\users\hazem\source\ds_ps\ds\matrix\matrix\src\matrix.h(112): note: while compiling class template member function 'Matrix<int,3,3> operator *(const Matrix<int,3,3> &,const Matrix<int,3,3> &)'
  c:\users\hazem\source\ds_ps\ds\matrix\matrix\src\main.cpp(9): note: see reference to class template instantiation 'Matrix<int,3,3>' being compiled
c:\users\hazem\source\ds_ps\ds\matrix\matrix\src\matrix.h(116): error C2975: 'columns': invalid template argument for 'Matrix', expected compile-time constant expression
  c:\users\hazem\source\ds_ps\ds\matrix\matrix\src\matrix.h(4): note: see declaration of 'columns'
c:\users\hazem\source\ds_ps\ds\matrix\matrix\src\matrix.h(8): error C2087: 'm_matrix': missing subscript
  c:\users\hazem\source\ds_ps\ds\matrix\matrix\src\matrix.h(116): note: see reference to class template instantiation 'Matrix<T,0,0>' being compiled
          with
          [
              T=int
          ]
c:\users\hazem\source\ds_ps\ds\matrix\matrix\src\matrix.h(8): warning C4200: nonstandard extension used: zero-sized array in struct/union
  c:\users\hazem\source\ds_ps\ds\matrix\matrix\src\matrix.h(8): note: This member will be ignored by a defaulted constructor or copy/move assignment operator
c:\users\hazem\source\ds_ps\ds\matrix\matrix\src\matrix.h(121): error C2248: 'Matrix<T,0,0>::m_matrix': cannot access private member declared in class 'Matrix<T,0,0>'
          with
          [
              T=int
          ]
  c:\users\hazem\source\ds_ps\ds\matrix\matrix\src\matrix.h(8): note: see declaration of 'Matrix<T,0,0>::m_matrix'
          with
          [
              T=int
          ]
  c:\users\hazem\source\ds_ps\ds\matrix\matrix\src\matrix.h(116): note: see declaration of 'Matrix<T,0,0>'
          with
          [
              T=int
          ]
c:\users\hazem\source\ds_ps\ds\matrix\matrix\src\matrix.h(122): error C2440: 'return': cannot convert from 'Matrix<T,0,0>' to 'Matrix<int,3,3>'
          with
          [
              T=int
          ]
  c:\users\hazem\source\ds_ps\ds\matrix\matrix\src\matrix.h(122): note: No user-defined-conversion operator available that can perform this conversion, or the operator cannot be called
